
1000	logos.p
1001	エラールーチンのエラーです。エラー番号は正の数値で指定して下さい。


2000	lgbc.p
2001	ガーベジコレクタを起動しましたが、再使用可能なセルが回収できませんでした。*auto-memory-expnasion*の値をtにするか、セルの容量を再設定して起動しなおして下さい。なお、起動時のセルの容量指定はオプションスイッチで行うことができます。（例　１０メガバイトのセル領域を確保するとき　-c10000）
2002	ガーベジコレクタを起動しましたが、再使用可能な浮動小数点領域が回収できませんでした。浮動小数点数の容量を再設定して起動しなおして下さい。なお、起動時の浮動小数点数の容量指定はオプションスイッチで行うことができます。（例　１０メガバイトの浮動小数点領域を確保するとき　-n10000）
2003	ガーベジコレクタを起動しましたが、再使用可能な配列が回収できませんでした。配列の容量を再設定して起動しなおして下さい。なお、起動時の配列の容量指定はオプションスイッチで行うことができます。（例　１０メガバイトの配列領域を確保するとき　-v10000）
2004	ガーベジコレクタを起動しましたが、再使用可能な構造体が回収できませんでした。構造体の容量を再設定して起動しなおして下さい。なお、起動時の構造体の容量指定はオプションスイッチで行うことができます。（例　１０メガバイトの構造体領域を確保するとき　-w10000）
2005	ガーベジコレクタを起動しましたが、再使用可能な文字列が回収できませんでした。文字列の容量を再設定して起動しなおして下さい。なお、起動時の文字列の容量指定はオプションスイッチで行うことができます。（例　１０メガバイトの文字列領域を確保するとき　-s10000）
2010	引数が拡張可能な領域を指していません。拡張できるのはcons,array,struct,floanum,stringの５種類のみです。
2011	メモリの獲得ができませんでした。

3000	lfile.p
3001	ファイル名が不正です。
3002	ファイルモードが不正です。
3003	不正なハンドルです。
3004	不可能なシェアモードです。
3005	ファイルが存在しません。
3006	ファイルが多すぎます。
3007	ファイルへのアクセスが否定されました。
3008	不正なアクセスです。
3009	パス名が不正です。
3010	ファイルの長さを求めようとしましたが、ファイルが存在しませんでした。
3011	利用可能なオブジェクトファイルではないため、リンクできません。
3012	オブジェクトファイル内の処理ルーチンを呼び出した際に、スタックに異常が起こりました。
3013	ファイルモードを指定するキーワードが間違っています。


4000	lread.p
4001	文法上の誤りです。入力の最初に右括弧またはドットがあります。
4002	文法上の誤りです。不正な文字があります。
4003	文法上の誤りです。ドットの次に右括弧があります。
4004	文法上の誤りです。ドットペアの後に右括弧がありません。
4005	Ｓ式を読み込む途中で、ファイルが終わりました。
4006	文字型の表現が正しくありません。漢字の後に不適当な文字があり、定義されていない文字名になっています。
4007	文字型の表現が正しくありません。定義されていない文字名が使われました。
4008	引数にシンボルアトムではないものがあるので、新しいアトムを生成できません。
4009	Ｓ式読み込みエラーです。*read-eval*の値がnilなので、リードマクロ#.の読み込みを拒否します（*read-eval*の値をnil以外にすれば読み込むことができます）
4010	シャープサインマクロの表現に誤りがあります。
4011	未定義のシャープサインマクロ表現です。
4012	シンボルアトムの領域が足りません。起動時にシンボルアトム領域の大きさの指定をオプションスイッチで行うことができます。（例　１メガバイトのシンボルアトム領域を確保するとき　-s1000）
4013	文字列が長すぎます。
4014	文字列の表現に誤りがあります。文字列が途中で終わりました。
4015	基数の指定が大きすぎます。基数は2から36の範囲で指定して下さい（例　(setq　*read-base*　#xA　*print-base*　#xA）
4016	入力行が長すぎます。
4017	関数<symbol-name>の引数はシンボルアトムでなくてはなりません。
4018	関数<make-symbol>の引数は文字列でなくてはなりません。
4019	関数<gensym>の引数は文字列かnilでなくてはなりません。
4020	関数<read-from-string>の引数は文字列でなくてはなりません。
4021	浮動小数を格納する領域が不足しました。起動時に浮動小数領域の大きさの指定をオプションスイッチで行うことができます。（例　１メガバイトのシンボルアトム領域を確保するとき　-n1000）
4050	,@式の使い方が間違っています。
4051	バッククオートの使い方が間違っています。

5000	leval.p
5001	関数名にシンボルアトム以外のものが指定されました。
5002	シンボルアトム以外のものをスペシャル変数にすることはできません。
5003	定数として既に定義されている引数をスペシャル変数に変えようとしました。
5004	シンボルアトム以外のものを定数にすることはできません。
5005	引数が既に定数として定義されています。定数を再定義することはできません。
5006	引数が既にスペシャル変数として定義されています。定数にすることはできません。
5007	シンボルアトム以外のものに値を与えることはできません。
5010	関数ではありませんので評価することができません。
5011	関数の仮変数にシンボルアトム以外のものがあります。シンボルアトム以外のものに値を与えることはできません。
5012	ユーザー定義関数の変数束縛を解放する前にソフトウェアスタックに異常が起こりました。変数の束縛の解放が正しく行われなかった可能性があります
5013	関数<movd>の第１引数は関数の定義されたシンボルアトムでなくてはなりません。
5014	関数<movd>の第２引数はシンボルアトムでなくてはなりません。


6000	lpred.p
6001	指定された型に変換できませんでした。
6002	関数<type-of>にサポートされていない型の引数が指定されました。
6003	関数<laterp>はシンボルアトム登録順の比較関数ですので、引数にシンボルシンボルアトム以外のものが与えられても比較できません。


7000	lcont.p
7001	関数<symbol-value>の引数にシンボルアトム以外のものが与えられました。
7002	関数<symbol-value>の引数のシンボルアトムには値が与えられていませんので、値を返すことができません。
7003	関数<symbol-function>の引数にシンボルアトム以外のものが与えられました。
7004	関数<symbol-function>の引数のシンボルアトムには関数が定義されていませんので、関数の内容を返すことができません。
7005	シンボルアトムでないものには値を与えることができません。
7006	定数として宣言されたシンボルアトムに新たに値を与えることはできません。
7007	タグがシンボルアトムではありません。タグにはシンボルアトムを使って下さい。
7008	タグが見つかりません。
7009	ソフトウェアスタックが異常です。変数の束縛の解放が正しく行われなかった可能性があります。


8000	llist.p
8001	引数がシンボルではありませんので、属性リストが取り出せません。
8002	関数<make-list>の第１引数が負の数なのでリストを生成できません。
8003	関数<endp>にコンスでもnilでもないものが与えられました。
8004	nilのcarを取ろうとしました（*car-of-nil*の値をnil以外にすればエラーになりません）
8005	引数がリストでもベクタでも文字列でもありません。
8006	関数<fill>の第３引数および第４引数は整数でなくてはなりません。
8007	引数はシンボルアトムでなくてはなりません。


9000	ldeclare.p
9001	評価した結果の型が、特殊形式<the>で指定された型と一致していません。


10000	lmath.p
10001	引数が整数ではありません。
10002	零で割算をしようとしました。
10003	特殊形式<incf/incq>の第１引数がシンボルアトムではないので、値を与えたり変えたりすることはできません。
10004	特殊形式<incf/incq>の第１引数の値が数値ではないので、第１引数の値を変えることができません。
10005	特殊形式<incf/incq>の第１引数の値はすでに定数として宣言されていますので、第１引数の値を変えることができません。
10006	特殊形式<decf/decq>の第１引数がシンボルアトムではないので、値を与えたり変えたりすることはできません。
10007	特殊形式<decf/decq>の第１引数の値が数値ではないので、第１引数の値を変えることができません。
10008	特殊形式<incf/incq>の第１引数の値はすでに定数として宣言されていますので、第１引数の値を変えることができません。
10009	関数<expt>の第２引数が負の数です。関数<expt>の第２引数は零か正の数でなくてはなりません。
10010	関数<logbitp>の第１引数が負の数です。関数<logbitp>の第１引数は第２引数のビット上の位置を表しますので、零または正の値でなくてはなりません。
10011	関数<random>の引数は正の数でなくてはなりません。関数<random>は【引数−１】と零の間の数値を返します。
10012	関数<isqrt>の引数が負の数なので、平方根を求めることができません。
10013	関数<icubrt>の引数が負の数なので、立方根を求めることができません。
10014	関数<zerop>の引数が整数型でも浮動小数点型でもありません。
10015	関数<exp>の引数が整数型でも浮動小数点型でもありません。
10016	関数<sqrt/cubrt>の引数が整数型でも浮動小数点型でもないか、あるいは負の数なので平方根を求めることができません。
10017	引数が浮動小数点数型ではありません。
10018	関数<log>の引数が整数型でも浮動小数点型でもないか、あるいは負の数なので対数を求めることができません。
10019	引数が整数型でも浮動小数点型でもないため、比較できません。
10020	引数は整数型か浮動小数点型でなくてはなりません。


11000	lchar.p
11001	引数が文字ではありません。
11002	関数<digit-char-p>の第２引数（基数）が数字以外で指定されています


12000	lstring.p
12001	文字列中の位置を示す第２引数は数値でなくてはなりません。
12002	引数が文字列ではありません。
12003	関数<make-string>の第１引数は生成する文字列の長さを指定するものなので、数値でなくてはなりません。
12004	関数<make-string>の第２引数は生成する文字列の要素を指定するものなので、文字またはnil（空白が指定されます）でなくてはなりません。
12005	関数<copy-string>の引数は文字列でなくてはなりません。
12006	第１引数（削除する要素）は文字列でなくてはなりません。
12007	第２引数（削除される側）は文字列でなくてはなりません。
12008	関数<substring>の第１引数は文字列でなくてはなりません。
12009	関数<substring>の第２引数（取り出す開始位置）は正の数値またはnil（零）でなくてはなりません。
12010	関数<substring>の第３引数（取り出す終端位置）は正の数値またはnil（零）でなくてはなりません。
12011	関数<strcat>の引数は文字列でなくてはなりません。
12012	引数は文字列かシンボルアトムでなくてはなりません。

c
13000	letc.p
13001	コード領域が全て使用され、空き領域がなくなりました。
13004	関数<system>の引数はMS-DOSが解釈可能な文字列でなくてはなりません。
13005	関数<describe>の引数がシンボルアトムではないのでマニュアルの情報を表示できません。
13006	マニュアルファイルの名前が文字列で指定されていません。*manual-file*に文字列でファイル名を設定して下さい。（例　(setq　*manual-file*　"b:/logos/go32/logos.doc")）
13007	マニュアルファイルが見つかりません。*manual-file*に文字列でファイル名を設定し直して下さい。（例　(setq　*manual-file*　"b:/logos/go32/logos.doc")）
13008	関数<poke/dpoke>の第２引数が大きすぎるか、あるいは負の数です。
13009	関数<cell>の引数の示す領域がコンス領域から外れています。
13010	関数<bench-mark-test>の第２引数は正の数でなくてはなりません。
13011	引数がレジスタ構造体ではありません。

14000	lprint.p
14001	ハンドルが不正なので、出力できません。ハンドルは正の数値で指定されていなくてはなりません。
14002	Ｓ式の表現が異常なので、出力できません。
14003	出力個数を指定するのには正の整数が必要です。
14004	引数が文字型ではありません。
14005	ファイルへの書き込みの際、アクセスが否定されました。
14006	無効なファイルハンドルなので、書き込みができません。
14007	ライトプロテクトされていますので、書き込めません。
14008	ファイルへの書き込みに失敗しました。
14010	*print-level*が整数でもnilでもありません
14011	*print-length*が整数でもnilでもありません


15000	lmatch.p
15001	関数<match-string>の第１引数（検索する方）が文字列ではありません。
15002	関数<match-string>の第２引数（検索される方）が文字列ではありません。
15003	関数<match-string>の第３引数が正の整数値ではありません。第３引数を省略すると零が指定されます。
15004	関数<match-string>の動作中に正規表現処理用のスタックがあふれました。
15005	正規表現に誤りがあります。
15006	正規表現の中の\\(が整合していません。
15007	正規表現の中の\\)が整合していません。
15008	正規表現の中の終端に誤りがあります。
15009	正規表現のネストが深すぎて対応できません。
15010	正規表現が複雑すぎて対応できません。
15011	正規表現処理中にメモリが不足しました。
15012	正規表現に誤りがあります。

16000	larray.p
16001	関数<makearray>で指定された配列要素数が正の整数ではありません。
16002	関数<makearray>で間違ったオプションが指定されました。
16003	関数<makearray>で指定されたオフセットが整数ではありません。
16004	関数<makearray>で指定されたディスプレイスメントが他の配列ではありません。
16006	配列でない引数が指定されました。
16007	関数<aref>の２番目以降の引数は整数でなくてはなりません。
16008	関数<aref>で指定された配列とその次元数が一致しません。
16009	指定された配列要素の位置が、配列の範囲を超えています。
16010	ベクタの要素に文字以外のものがあるため、文字列を生成することができません。

17000	lstruct.p
17011	構造体の名前にシンボルアトム以外のものが指定されました。
17012	構造体のスロット名（要素名）にシンボルアトム以外のものが指定されました。
17013	引数が構造体ではありません。
17014	スロット名が見つかりません。

00000	以下はユーザー定義のエラー領域

